<?xml version="1.0" encoding="UTF-8"?>
<testng-results skipped="0" failed="0" ignored="0" total="1" passed="1">
  <reporter-output>
  </reporter-output>
  <suite name="Default suite" duration-ms="101720" started-at="2019-12-30T01:21:14 IST" finished-at="2019-12-30T01:22:56 IST">
    <groups>
      <group name="cucumber">
        <method signature="AbstractTestNGCucumberTests.feature(cucumber.api.testng.CucumberFeatureWrapper)[pri:0, instance:TestRunners.CucumberRunner@7b69c6ba]" name="feature" class="cucumber.api.testng.AbstractTestNGCucumberTests"/>
      </group> <!-- cucumber -->
    </groups>
    <test name="Default test" duration-ms="101720" started-at="2019-12-30T01:21:14 IST" finished-at="2019-12-30T01:22:56 IST">
      <class name="TestRunners.CucumberRunner">
        <test-method status="PASS" signature="setUpClass()[pri:0, instance:TestRunners.CucumberRunner@7b69c6ba]" name="setUpClass" is-config="true" duration-ms="1484" started-at="2019-12-30T01:21:14 IST" finished-at="2019-12-30T01:21:15 IST">
          <reporter-output>
          </reporter-output>
        </test-method> <!-- setUpClass -->
        <test-method status="PASS" signature="feature(cucumber.api.testng.CucumberFeatureWrapper)[pri:0, instance:TestRunners.CucumberRunner@7b69c6ba]" name="feature" duration-ms="99517" started-at="2019-12-30T01:21:16 IST" description="Runs Cucumber Feature" data-provider="features" finished-at="2019-12-30T01:22:55 IST">
          <params>
            <param index="0">
              <value>
                <![CDATA[Login]]>
              </value>
            </param>
          </params>
          <reporter-output>
          </reporter-output>
        </test-method> <!-- feature -->
        <test-method status="PASS" signature="tearDownClass()[pri:0, instance:TestRunners.CucumberRunner@7b69c6ba]" name="tearDownClass" is-config="true" duration-ms="94" started-at="2019-12-30T01:22:55 IST" finished-at="2019-12-30T01:22:56 IST">
          <reporter-output>
          </reporter-output>
        </test-method> <!-- tearDownClass -->
      </class> <!-- TestRunners.CucumberRunner -->
    </test> <!-- Default test -->
  </suite> <!-- Default suite -->
</testng-results>
